<?xml version="1.0" encoding="UTF-8"?>
<!DOCTYPE coverage SYSTEM "https://raw.githubusercontent.com/cobertura/cobertura/master/cobertura/src/site/htdocs/xml/coverage-04.dtd">
<coverage line-rate="0.888481291269259" branch-rate="0" lines-covered="1211" lines-valid="1363" branches-covered="0" branches-valid="0" complexity="0" version="3.6.4" timestamp="2025-06-27 12:24:45.104371">
  <sources>
    <source>/__w/hermes/hermes/hermes</source>
  </sources>
  <packages>
    <package name="hermes" line-rate="0.888481291269259" branch-rate="0" complexity="0">
      <classes>
        <class name="assertthat.R" filename="R/assertthat.R" line-rate="0.947368421052632" branch-rate="0" complexity="0">
          <methods>
            <method name="is_class" signature="" line-rate="1" branch-rate="0" complexity="0">
              <lines>
                <line number="24" hits="391" branch="false"/>
              </lines>
            </method>
            <method name="is_hermes_data" signature="" line-rate="1" branch-rate="0" complexity="0">
              <lines>
                <line number="43" hits="303" branch="false"/>
              </lines>
            </method>
            <method name="is_counts_vector" signature="" line-rate="1" branch-rate="0" complexity="0">
              <lines>
                <line number="61" hits="19" branch="false"/>
              </lines>
            </method>
            <method name="is_list_with" signature="" line-rate="1" branch-rate="0" complexity="0">
              <lines>
                <line number="82" hits="115" branch="false"/>
                <line number="83" hits="115" branch="false"/>
                <line number="84" hits="115" branch="false"/>
              </lines>
            </method>
            <method name="one_provided" signature="" line-rate="1" branch-rate="0" complexity="0">
              <lines>
                <line number="111" hits="22" branch="false"/>
                <line number="112" hits="22" branch="false"/>
              </lines>
            </method>
            <method name="is_constant" signature="" line-rate="0.909090909090909" branch-rate="0" complexity="0">
              <lines>
                <line number="138" hits="464" branch="false"/>
                <line number="139" hits="464" branch="false"/>
                <line number="140" hits="464" branch="false"/>
                <line number="141" hits="143" branch="false"/>
                <line number="142" hits="321" branch="false"/>
                <line number="143" hits="79" branch="false"/>
                <line number="144" hits="242" branch="false"/>
                <line number="145" hits="225" branch="false"/>
                <line number="146" hits="17" branch="false"/>
                <line number="147" hits="17" branch="false"/>
                <line number="149" hits="0" branch="false"/>
              </lines>
            </method>
          </methods>
          <lines>
            <line number="24" hits="391" branch="false"/>
            <line number="43" hits="303" branch="false"/>
            <line number="61" hits="19" branch="false"/>
            <line number="82" hits="115" branch="false"/>
            <line number="83" hits="115" branch="false"/>
            <line number="84" hits="115" branch="false"/>
            <line number="111" hits="22" branch="false"/>
            <line number="112" hits="22" branch="false"/>
            <line number="138" hits="464" branch="false"/>
            <line number="139" hits="464" branch="false"/>
            <line number="140" hits="464" branch="false"/>
            <line number="141" hits="143" branch="false"/>
            <line number="142" hits="321" branch="false"/>
            <line number="143" hits="79" branch="false"/>
            <line number="144" hits="242" branch="false"/>
            <line number="145" hits="225" branch="false"/>
            <line number="146" hits="17" branch="false"/>
            <line number="147" hits="17" branch="false"/>
            <line number="149" hits="0" branch="false"/>
          </lines>
        </class>
        <class name="calc_cor.R" filename="R/calc_cor.R" line-rate="1" branch-rate="0" complexity="0">
          <methods>
            <method name="AnyHermesData" signature="" line-rate="1" branch-rate="0" complexity="0">
              <lines>
                <line number="44" hits="8" branch="false"/>
                <line number="45" hits="7" branch="false"/>
                <line number="46" hits="7" branch="false"/>
                <line number="48" hits="6" branch="false"/>
                <line number="49" hits="6" branch="false"/>
                <line number="50" hits="6" branch="false"/>
                <line number="51" hits="6" branch="false"/>
                <line number="256" hits="2" branch="false"/>
                <line number="257" hits="2" branch="false"/>
                <line number="258" hits="2" branch="false"/>
                <line number="259" hits="2" branch="false"/>
                <line number="260" hits="2" branch="false"/>
                <line number="261" hits="2" branch="false"/>
                <line number="262" hits="2" branch="false"/>
                <line number="263" hits="2" branch="false"/>
                <line number="264" hits="2" branch="false"/>
                <line number="265" hits="2" branch="false"/>
                <line number="266" hits="2" branch="false"/>
                <line number="267" hits="2" branch="false"/>
                <line number="268" hits="2" branch="false"/>
                <line number="269" hits="2" branch="false"/>
                <line number="270" hits="2" branch="false"/>
                <line number="126" hits="15" branch="false"/>
                <line number="207" hits="123" branch="false"/>
                <line number="282" hits="4" branch="false"/>
                <line number="313" hits="4" branch="false"/>
                <line number="440" hits="9" branch="false"/>
                <line number="441" hits="9" branch="false"/>
                <line number="442" hits="9" branch="false"/>
                <line number="443" hits="9" branch="false"/>
                <line number="444" hits="9" branch="false"/>
                <line number="445" hits="9" branch="false"/>
                <line number="446" hits="9" branch="false"/>
                <line number="447" hits="9" branch="false"/>
                <line number="448" hits="9" branch="false"/>
                <line number="449" hits="9" branch="false"/>
                <line number="450" hits="8" branch="false"/>
                <line number="451" hits="7" branch="false"/>
                <line number="452" hits="8" branch="false"/>
                <line number="453" hits="1" branch="false"/>
                <line number="454" hits="8" branch="false"/>
                <line number="455" hits="8" branch="false"/>
                <line number="456" hits="7" branch="false"/>
                <line number="457" hits="8" branch="false"/>
                <line number="458" hits="1" branch="false"/>
                <line number="459" hits="8" branch="false"/>
                <line number="460" hits="8" branch="false"/>
                <line number="461" hits="1" branch="false"/>
                <line number="463" hits="8" branch="false"/>
                <line number="464" hits="1" branch="false"/>
                <line number="466" hits="8" branch="false"/>
                <line number="504" hits="6" branch="false"/>
                <line number="505" hits="6" branch="false"/>
                <line number="506" hits="6" branch="false"/>
                <line number="524" hits="6" branch="false"/>
                <line number="525" hits="6" branch="false"/>
                <line number="526" hits="6" branch="false"/>
                <line number="682" hits="4" branch="false"/>
                <line number="683" hits="4" branch="false"/>
                <line number="685" hits="4" branch="false"/>
                <line number="686" hits="4" branch="false"/>
                <line number="687" hits="4" branch="false"/>
                <line number="689" hits="4" branch="false"/>
                <line number="690" hits="4" branch="false"/>
                <line number="691" hits="4" branch="false"/>
                <line number="692" hits="4" branch="false"/>
                <line number="694" hits="4" branch="false"/>
                <line number="695" hits="4" branch="false"/>
                <line number="696" hits="4" branch="false"/>
                <line number="697" hits="4" branch="false"/>
                <line number="698" hits="4" branch="false"/>
                <line number="699" hits="4" branch="false"/>
                <line number="700" hits="4" branch="false"/>
                <line number="701" hits="4" branch="false"/>
                <line number="702" hits="4" branch="false"/>
                <line number="703" hits="4" branch="false"/>
                <line number="704" hits="4" branch="false"/>
                <line number="705" hits="4" branch="false"/>
                <line number="107" hits="16" branch="false"/>
                <line number="108" hits="16" branch="false"/>
                <line number="109" hits="16" branch="false"/>
                <line number="110" hits="16" branch="false"/>
                <line number="111" hits="16" branch="false"/>
                <line number="112" hits="16" branch="false"/>
                <line number="113" hits="16" branch="false"/>
                <line number="114" hits="16" branch="false"/>
                <line number="115" hits="16" branch="false"/>
                <line number="116" hits="16" branch="false"/>
                <line number="117" hits="14" branch="false"/>
                <line number="119" hits="14" branch="false"/>
                <line number="120" hits="59" branch="false"/>
                <line number="121" hits="59" branch="false"/>
                <line number="122" hits="59" branch="false"/>
                <line number="123" hits="59" branch="false"/>
                <line number="124" hits="59" branch="false"/>
                <line number="125" hits="58" branch="false"/>
                <line number="127" hits="13" branch="false"/>
                <line number="128" hits="13" branch="false"/>
              </lines>
            </method>
            <method name="HermesDataCor" signature="" line-rate="1" branch-rate="0" complexity="0">
              <lines>
                <line number="101" hits="3" branch="false"/>
                <line number="102" hits="3" branch="false"/>
                <line number="103" hits="3" branch="false"/>
                <line number="104" hits="3" branch="false"/>
                <line number="105" hits="3" branch="false"/>
                <line number="106" hits="3" branch="false"/>
                <line number="107" hits="3" branch="false"/>
                <line number="108" hits="3" branch="false"/>
                <line number="109" hits="3" branch="false"/>
                <line number="110" hits="3" branch="false"/>
                <line number="111" hits="3" branch="false"/>
                <line number="112" hits="3" branch="false"/>
                <line number="113" hits="3" branch="false"/>
                <line number="114" hits="3" branch="false"/>
                <line number="115" hits="3" branch="false"/>
                <line number="116" hits="3" branch="false"/>
                <line number="117" hits="3" branch="false"/>
                <line number="118" hits="3" branch="false"/>
              </lines>
            </method>
          </methods>
          <lines>
            <line number="44" hits="8" branch="false"/>
            <line number="45" hits="7" branch="false"/>
            <line number="46" hits="7" branch="false"/>
            <line number="48" hits="6" branch="false"/>
            <line number="49" hits="6" branch="false"/>
            <line number="50" hits="6" branch="false"/>
            <line number="51" hits="6" branch="false"/>
            <line number="101" hits="3" branch="false"/>
            <line number="102" hits="3" branch="false"/>
            <line number="103" hits="3" branch="false"/>
            <line number="104" hits="3" branch="false"/>
            <line number="105" hits="3" branch="false"/>
            <line number="106" hits="3" branch="false"/>
            <line number="107" hits="3" branch="false"/>
            <line number="108" hits="3" branch="false"/>
            <line number="109" hits="3" branch="false"/>
            <line number="110" hits="3" branch="false"/>
            <line number="111" hits="3" branch="false"/>
            <line number="112" hits="3" branch="false"/>
            <line number="113" hits="3" branch="false"/>
            <line number="114" hits="3" branch="false"/>
            <line number="115" hits="3" branch="false"/>
            <line number="116" hits="3" branch="false"/>
            <line number="117" hits="3" branch="false"/>
            <line number="118" hits="3" branch="false"/>
          </lines>
        </class>
        <class name="checkmate.R" filename="R/checkmate.R" line-rate="1" branch-rate="0" complexity="0">
          <methods>
            <method name="check_proportion" signature="" line-rate="1" branch-rate="0" complexity="0">
              <lines>
                <line number="40" hits="63" branch="false"/>
                <line number="41" hits="63" branch="false"/>
                <line number="42" hits="13" branch="false"/>
                <line number="44" hits="50" branch="false"/>
              </lines>
            </method>
          </methods>
          <lines>
            <line number="40" hits="63" branch="false"/>
            <line number="41" hits="63" branch="false"/>
            <line number="42" hits="13" branch="false"/>
            <line number="44" hits="50" branch="false"/>
          </lines>
        </class>
        <class name="connections.R" filename="R/connections.R" line-rate="0.125874125874126" branch-rate="0" complexity="0">
          <methods>
            <method name="connect_biomart" signature="" line-rate="0" branch-rate="0" complexity="0">
              <lines>
                <line number="27" hits="0" branch="false"/>
                <line number="28" hits="0" branch="false"/>
                <line number="30" hits="0" branch="false"/>
                <line number="31" hits="0" branch="false"/>
                <line number="32" hits="0" branch="false"/>
                <line number="33" hits="0" branch="false"/>
                <line number="34" hits="0" branch="false"/>
                <line number="35" hits="0" branch="false"/>
                <line number="36" hits="0" branch="false"/>
                <line number="37" hits="0" branch="false"/>
                <line number="38" hits="0" branch="false"/>
                <line number="39" hits="0" branch="false"/>
                <line number="40" hits="0" branch="false"/>
                <line number="41" hits="0" branch="false"/>
                <line number="42" hits="0" branch="false"/>
                <line number="43" hits="0" branch="false"/>
                <line number="44" hits="0" branch="false"/>
                <line number="45" hits="0" branch="false"/>
                <line number="46" hits="0" branch="false"/>
              </lines>
            </method>
            <method name="h_get_annotation_biomart" signature="" line-rate="0" branch-rate="0" complexity="0">
              <lines>
                <line number="91" hits="0" branch="false"/>
                <line number="92" hits="0" branch="false"/>
                <line number="93" hits="0" branch="false"/>
                <line number="94" hits="0" branch="false"/>
                <line number="95" hits="0" branch="false"/>
                <line number="96" hits="0" branch="false"/>
                <line number="97" hits="0" branch="false"/>
                <line number="98" hits="0" branch="false"/>
                <line number="99" hits="0" branch="false"/>
                <line number="100" hits="0" branch="false"/>
                <line number="101" hits="0" branch="false"/>
                <line number="102" hits="0" branch="false"/>
                <line number="103" hits="0" branch="false"/>
                <line number="104" hits="0" branch="false"/>
                <line number="105" hits="0" branch="false"/>
                <line number="106" hits="0" branch="false"/>
                <line number="107" hits="0" branch="false"/>
                <line number="108" hits="0" branch="false"/>
                <line number="109" hits="0" branch="false"/>
                <line number="110" hits="0" branch="false"/>
                <line number="111" hits="0" branch="false"/>
                <line number="112" hits="0" branch="false"/>
                <line number="113" hits="0" branch="false"/>
                <line number="114" hits="0" branch="false"/>
                <line number="115" hits="0" branch="false"/>
                <line number="116" hits="0" branch="false"/>
                <line number="117" hits="0" branch="false"/>
                <line number="118" hits="0" branch="false"/>
                <line number="119" hits="0" branch="false"/>
                <line number="120" hits="0" branch="false"/>
                <line number="121" hits="0" branch="false"/>
                <line number="122" hits="0" branch="false"/>
              </lines>
            </method>
            <method name="query" signature="" line-rate="0" branch-rate="0" complexity="0">
              <lines>
                <line number="155" hits="0" branch="false"/>
                <line number="156" hits="0" branch="false"/>
                <line number="157" hits="0" branch="false"/>
                <line number="158" hits="0" branch="false"/>
                <line number="159" hits="0" branch="false"/>
                <line number="160" hits="0" branch="false"/>
                <line number="161" hits="0" branch="false"/>
              </lines>
            </method>
            <method name="h_strip_prefix" signature="" line-rate="1" branch-rate="0" complexity="0">
              <lines>
                <line number="185" hits="3" branch="false"/>
                <line number="186" hits="3" branch="false"/>
                <line number="187" hits="3" branch="false"/>
                <line number="188" hits="3" branch="false"/>
                <line number="189" hits="3" branch="false"/>
              </lines>
            </method>
            <method name="h_get_size_biomart" signature="" line-rate="0" branch-rate="0" complexity="0">
              <lines>
                <line number="215" hits="0" branch="false"/>
                <line number="216" hits="0" branch="false"/>
                <line number="217" hits="0" branch="false"/>
                <line number="218" hits="0" branch="false"/>
                <line number="221" hits="0" branch="false"/>
                <line number="222" hits="0" branch="false"/>
                <line number="223" hits="0" branch="false"/>
                <line number="224" hits="0" branch="false"/>
                <line number="225" hits="0" branch="false"/>
                <line number="226" hits="0" branch="false"/>
                <line number="227" hits="0" branch="false"/>
                <line number="228" hits="0" branch="false"/>
                <line number="229" hits="0" branch="false"/>
                <line number="230" hits="0" branch="false"/>
                <line number="231" hits="0" branch="false"/>
                <line number="232" hits="0" branch="false"/>
                <line number="233" hits="0" branch="false"/>
                <line number="234" hits="0" branch="false"/>
                <line number="235" hits="0" branch="false"/>
                <line number="236" hits="0" branch="false"/>
                <line number="237" hits="0" branch="false"/>
                <line number="238" hits="0" branch="false"/>
                <line number="239" hits="0" branch="false"/>
                <line number="240" hits="0" branch="false"/>
                <line number="241" hits="0" branch="false"/>
                <line number="242" hits="0" branch="false"/>
                <line number="243" hits="0" branch="false"/>
                <line number="244" hits="0" branch="false"/>
                <line number="246" hits="0" branch="false"/>
                <line number="248" hits="0" branch="false"/>
                <line number="249" hits="0" branch="false"/>
                <line number="250" hits="0" branch="false"/>
                <line number="251" hits="0" branch="false"/>
                <line number="255" hits="0" branch="false"/>
              </lines>
            </method>
            <method name="h_ensembl_to_entrez_ids" signature="" line-rate="0" branch-rate="0" complexity="0">
              <lines>
                <line number="277" hits="0" branch="false"/>
                <line number="278" hits="0" branch="false"/>
                <line number="280" hits="0" branch="false"/>
                <line number="281" hits="0" branch="false"/>
                <line number="282" hits="0" branch="false"/>
                <line number="283" hits="0" branch="false"/>
                <line number="284" hits="0" branch="false"/>
                <line number="285" hits="0" branch="false"/>
                <line number="286" hits="0" branch="false"/>
                <line number="287" hits="0" branch="false"/>
              </lines>
            </method>
            <method name="h_get_granges_by_id" signature="" line-rate="1" branch-rate="0" complexity="0">
              <lines>
                <line number="324" hits="1" branch="false"/>
                <line number="325" hits="1" branch="false"/>
                <line number="326" hits="1" branch="false"/>
                <line number="327" hits="1" branch="false"/>
                <line number="328" hits="1" branch="false"/>
                <line number="329" hits="1" branch="false"/>
                <line number="330" hits="1" branch="false"/>
                <line number="331" hits="1" branch="false"/>
                <line number="332" hits="1" branch="false"/>
                <line number="333" hits="1" branch="false"/>
                <line number="334" hits="1" branch="false"/>
                <line number="335" hits="1" branch="false"/>
                <line number="336" hits="1" branch="false"/>
              </lines>
            </method>
            <method name="character#ConnectionBiomart" signature="" line-rate="0" branch-rate="0" complexity="0">
              <lines>
                <line number="356" hits="0" branch="false"/>
                <line number="357" hits="0" branch="false"/>
                <line number="358" hits="0" branch="false"/>
                <line number="359" hits="0" branch="false"/>
                <line number="360" hits="0" branch="false"/>
                <line number="361" hits="0" branch="false"/>
                <line number="362" hits="0" branch="false"/>
                <line number="363" hits="0" branch="false"/>
                <line number="364" hits="0" branch="false"/>
                <line number="365" hits="0" branch="false"/>
                <line number="366" hits="0" branch="false"/>
                <line number="367" hits="0" branch="false"/>
                <line number="368" hits="0" branch="false"/>
                <line number="369" hits="0" branch="false"/>
                <line number="371" hits="0" branch="false"/>
                <line number="372" hits="0" branch="false"/>
                <line number="373" hits="0" branch="false"/>
                <line number="374" hits="0" branch="false"/>
                <line number="376" hits="0" branch="false"/>
                <line number="377" hits="0" branch="false"/>
                <line number="379" hits="0" branch="false"/>
                <line number="380" hits="0" branch="false"/>
                <line number="381" hits="0" branch="false"/>
              </lines>
            </method>
          </methods>
          <lines>
            <line number="27" hits="0" branch="false"/>
            <line number="28" hits="0" branch="false"/>
            <line number="30" hits="0" branch="false"/>
            <line number="31" hits="0" branch="false"/>
            <line number="32" hits="0" branch="false"/>
            <line number="33" hits="0" branch="false"/>
            <line number="34" hits="0" branch="false"/>
            <line number="35" hits="0" branch="false"/>
            <line number="36" hits="0" branch="false"/>
            <line number="37" hits="0" branch="false"/>
            <line number="38" hits="0" branch="false"/>
            <line number="39" hits="0" branch="false"/>
            <line number="40" hits="0" branch="false"/>
            <line number="41" hits="0" branch="false"/>
            <line number="42" hits="0" branch="false"/>
            <line number="43" hits="0" branch="false"/>
            <line number="44" hits="0" branch="false"/>
            <line number="45" hits="0" branch="false"/>
            <line number="46" hits="0" branch="false"/>
            <line number="91" hits="0" branch="false"/>
            <line number="92" hits="0" branch="false"/>
            <line number="93" hits="0" branch="false"/>
            <line number="94" hits="0" branch="false"/>
            <line number="95" hits="0" branch="false"/>
            <line number="96" hits="0" branch="false"/>
            <line number="97" hits="0" branch="false"/>
            <line number="98" hits="0" branch="false"/>
            <line number="99" hits="0" branch="false"/>
            <line number="100" hits="0" branch="false"/>
            <line number="101" hits="0" branch="false"/>
            <line number="102" hits="0" branch="false"/>
            <line number="103" hits="0" branch="false"/>
            <line number="104" hits="0" branch="false"/>
            <line number="105" hits="0" branch="false"/>
            <line number="106" hits="0" branch="false"/>
            <line number="107" hits="0" branch="false"/>
            <line number="108" hits="0" branch="false"/>
            <line number="109" hits="0" branch="false"/>
            <line number="110" hits="0" branch="false"/>
            <line number="111" hits="0" branch="false"/>
            <line number="112" hits="0" branch="false"/>
            <line number="113" hits="0" branch="false"/>
            <line number="114" hits="0" branch="false"/>
            <line number="115" hits="0" branch="false"/>
            <line number="116" hits="0" branch="false"/>
            <line number="117" hits="0" branch="false"/>
            <line number="118" hits="0" branch="false"/>
            <line number="119" hits="0" branch="false"/>
            <line number="120" hits="0" branch="false"/>
            <line number="121" hits="0" branch="false"/>
            <line number="122" hits="0" branch="false"/>
            <line number="155" hits="0" branch="false"/>
            <line number="156" hits="0" branch="false"/>
            <line number="157" hits="0" branch="false"/>
            <line number="158" hits="0" branch="false"/>
            <line number="159" hits="0" branch="false"/>
            <line number="160" hits="0" branch="false"/>
            <line number="161" hits="0" branch="false"/>
            <line number="185" hits="3" branch="false"/>
            <line number="186" hits="3" branch="false"/>
            <line number="187" hits="3" branch="false"/>
            <line number="188" hits="3" branch="false"/>
            <line number="189" hits="3" branch="false"/>
            <line number="215" hits="0" branch="false"/>
            <line number="216" hits="0" branch="false"/>
            <line number="217" hits="0" branch="false"/>
            <line number="218" hits="0" branch="false"/>
            <line number="221" hits="0" branch="false"/>
            <line number="222" hits="0" branch="false"/>
            <line number="223" hits="0" branch="false"/>
            <line number="224" hits="0" branch="false"/>
            <line number="225" hits="0" branch="false"/>
            <line number="226" hits="0" branch="false"/>
            <line number="227" hits="0" branch="false"/>
            <line number="228" hits="0" branch="false"/>
            <line number="229" hits="0" branch="false"/>
            <line number="230" hits="0" branch="false"/>
            <line number="231" hits="0" branch="false"/>
            <line number="232" hits="0" branch="false"/>
            <line number="233" hits="0" branch="false"/>
            <line number="234" hits="0" branch="false"/>
            <line number="235" hits="0" branch="false"/>
            <line number="236" hits="0" branch="false"/>
            <line number="237" hits="0" branch="false"/>
            <line number="238" hits="0" branch="false"/>
            <line number="239" hits="0" branch="false"/>
            <line number="240" hits="0" branch="false"/>
            <line number="241" hits="0" branch="false"/>
            <line number="242" hits="0" branch="false"/>
            <line number="243" hits="0" branch="false"/>
            <line number="244" hits="0" branch="false"/>
            <line number="246" hits="0" branch="false"/>
            <line number="248" hits="0" branch="false"/>
            <line number="249" hits="0" branch="false"/>
            <line number="250" hits="0" branch="false"/>
            <line number="251" hits="0" branch="false"/>
            <line number="255" hits="0" branch="false"/>
            <line number="277" hits="0" branch="false"/>
            <line number="278" hits="0" branch="false"/>
            <line number="280" hits="0" branch="false"/>
            <line number="281" hits="0" branch="false"/>
            <line number="282" hits="0" branch="false"/>
            <line number="283" hits="0" branch="false"/>
            <line number="284" hits="0" branch="false"/>
            <line number="285" hits="0" branch="false"/>
            <line number="286" hits="0" branch="false"/>
            <line number="287" hits="0" branch="false"/>
            <line number="324" hits="1" branch="false"/>
            <line number="325" hits="1" branch="false"/>
            <line number="326" hits="1" branch="false"/>
            <line number="327" hits="1" branch="false"/>
            <line number="328" hits="1" branch="false"/>
            <line number="329" hits="1" branch="false"/>
            <line number="330" hits="1" branch="false"/>
            <line number="331" hits="1" branch="false"/>
            <line number="332" hits="1" branch="false"/>
            <line number="333" hits="1" branch="false"/>
            <line number="334" hits="1" branch="false"/>
            <line number="335" hits="1" branch="false"/>
            <line number="336" hits="1" branch="false"/>
            <line number="356" hits="0" branch="false"/>
            <line number="357" hits="0" branch="false"/>
            <line number="358" hits="0" branch="false"/>
            <line number="359" hits="0" branch="false"/>
            <line number="360" hits="0" branch="false"/>
            <line number="361" hits="0" branch="false"/>
            <line number="362" hits="0" branch="false"/>
            <line number="363" hits="0" branch="false"/>
            <line number="364" hits="0" branch="false"/>
            <line number="365" hits="0" branch="false"/>
            <line number="366" hits="0" branch="false"/>
            <line number="367" hits="0" branch="false"/>
            <line number="368" hits="0" branch="false"/>
            <line number="369" hits="0" branch="false"/>
            <line number="371" hits="0" branch="false"/>
            <line number="372" hits="0" branch="false"/>
            <line number="373" hits="0" branch="false"/>
            <line number="374" hits="0" branch="false"/>
            <line number="376" hits="0" branch="false"/>
            <line number="377" hits="0" branch="false"/>
            <line number="379" hits="0" branch="false"/>
            <line number="380" hits="0" branch="false"/>
            <line number="381" hits="0" branch="false"/>
          </lines>
        </class>
        <class name="differential.R" filename="R/differential.R" line-rate="0.97029702970297" branch-rate="0" complexity="0">
          <methods>
            <method name="h_diff_expr_voom" signature="" line-rate="1" branch-rate="0" complexity="0">
              <lines>
                <line number="37" hits="10" branch="false"/>
                <line number="38" hits="10" branch="false"/>
                <line number="39" hits="10" branch="false"/>
                <line number="40" hits="10" branch="false"/>
                <line number="41" hits="10" branch="false"/>
                <line number="42" hits="7" branch="false"/>
                <line number="43" hits="7" branch="false"/>
                <line number="44" hits="7" branch="false"/>
                <line number="45" hits="7" branch="false"/>
                <line number="46" hits="7" branch="false"/>
                <line number="47" hits="7" branch="false"/>
                <line number="48" hits="7" branch="false"/>
                <line number="49" hits="7" branch="false"/>
                <line number="50" hits="7" branch="false"/>
                <line number="51" hits="7" branch="false"/>
                <line number="52" hits="7" branch="false"/>
                <line number="53" hits="7" branch="false"/>
                <line number="54" hits="7" branch="false"/>
                <line number="55" hits="7" branch="false"/>
                <line number="56" hits="7" branch="false"/>
                <line number="57" hits="7" branch="false"/>
              </lines>
            </method>
            <method name="h_diff_expr_deseq2" signature="" line-rate="1" branch-rate="0" complexity="0">
              <lines>
                <line number="93" hits="6" branch="false"/>
                <line number="94" hits="6" branch="false"/>
                <line number="95" hits="6" branch="false"/>
                <line number="96" hits="6" branch="false"/>
                <line number="97" hits="6" branch="false"/>
                <line number="98" hits="5" branch="false"/>
                <line number="99" hits="5" branch="false"/>
                <line number="100" hits="5" branch="false"/>
                <line number="101" hits="5" branch="false"/>
                <line number="102" hits="5" branch="false"/>
                <line number="103" hits="5" branch="false"/>
                <line number="104" hits="5" branch="false"/>
                <line number="105" hits="5" branch="false"/>
                <line number="106" hits="5" branch="false"/>
                <line number="107" hits="5" branch="false"/>
                <line number="108" hits="5" branch="false"/>
                <line number="109" hits="5" branch="false"/>
                <line number="110" hits="5" branch="false"/>
                <line number="111" hits="5" branch="false"/>
                <line number="112" hits="5" branch="false"/>
                <line number="113" hits="5" branch="false"/>
                <line number="114" hits="5" branch="false"/>
                <line number="115" hits="5" branch="false"/>
                <line number="116" hits="5" branch="false"/>
                <line number="117" hits="5" branch="false"/>
                <line number="118" hits="5" branch="false"/>
              </lines>
            </method>
            <method name="diff_expression" signature="" line-rate="0.842105263157895" branch-rate="0" complexity="0">
              <lines>
                <line number="181" hits="9" branch="false"/>
                <line number="182" hits="9" branch="false"/>
                <line number="183" hits="9" branch="false"/>
                <line number="184" hits="9" branch="false"/>
                <line number="185" hits="8" branch="false"/>
                <line number="187" hits="6" branch="false"/>
                <line number="189" hits="6" branch="false"/>
                <line number="190" hits="0" branch="false"/>
                <line number="192" hits="6" branch="false"/>
                <line number="193" hits="0" branch="false"/>
                <line number="195" hits="6" branch="false"/>
                <line number="196" hits="0" branch="false"/>
                <line number="198" hits="6" branch="false"/>
                <line number="199" hits="6" branch="false"/>
                <line number="200" hits="6" branch="false"/>
                <line number="201" hits="6" branch="false"/>
                <line number="202" hits="6" branch="false"/>
                <line number="203" hits="6" branch="false"/>
                <line number="204" hits="6" branch="false"/>
              </lines>
            </method>
            <method name="HermesDataDiffExpr" signature="" line-rate="1" branch-rate="0" complexity="0">
              <lines>
                <line number="259" hits="2" branch="false"/>
                <line number="260" hits="2" branch="false"/>
                <line number="261" hits="2" branch="false"/>
                <line number="262" hits="2" branch="false"/>
                <line number="263" hits="2" branch="false"/>
                <line number="265" hits="2" branch="false"/>
                <line number="266" hits="2" branch="false"/>
                <line number="267" hits="2" branch="false"/>
                <line number="268" hits="2" branch="false"/>
                <line number="269" hits="2" branch="false"/>
                <line number="270" hits="2" branch="false"/>
                <line number="271" hits="2" branch="false"/>
                <line number="272" hits="2" branch="false"/>
                <line number="273" hits="2" branch="false"/>
                <line number="274" hits="2" branch="false"/>
                <line number="275" hits="2" branch="false"/>
                <line number="276" hits="2" branch="false"/>
                <line number="277" hits="2" branch="false"/>
                <line number="278" hits="2" branch="false"/>
                <line number="280" hits="2" branch="false"/>
                <line number="281" hits="2" branch="false"/>
                <line number="282" hits="2" branch="false"/>
                <line number="283" hits="2" branch="false"/>
                <line number="284" hits="2" branch="false"/>
                <line number="285" hits="2" branch="false"/>
                <line number="286" hits="2" branch="false"/>
                <line number="287" hits="2" branch="false"/>
                <line number="288" hits="2" branch="false"/>
                <line number="289" hits="2" branch="false"/>
                <line number="290" hits="2" branch="false"/>
                <line number="291" hits="2" branch="false"/>
                <line number="292" hits="2" branch="false"/>
                <line number="293" hits="2" branch="false"/>
                <line number="294" hits="2" branch="false"/>
                <line number="295" hits="2" branch="false"/>
              </lines>
            </method>
          </methods>
          <lines>
            <line number="37" hits="10" branch="false"/>
            <line number="38" hits="10" branch="false"/>
            <line number="39" hits="10" branch="false"/>
            <line number="40" hits="10" branch="false"/>
            <line number="41" hits="10" branch="false"/>
            <line number="42" hits="7" branch="false"/>
            <line number="43" hits="7" branch="false"/>
            <line number="44" hits="7" branch="false"/>
            <line number="45" hits="7" branch="false"/>
            <line number="46" hits="7" branch="false"/>
            <line number="47" hits="7" branch="false"/>
            <line number="48" hits="7" branch="false"/>
            <line number="49" hits="7" branch="false"/>
            <line number="50" hits="7" branch="false"/>
            <line number="51" hits="7" branch="false"/>
            <line number="52" hits="7" branch="false"/>
            <line number="53" hits="7" branch="false"/>
            <line number="54" hits="7" branch="false"/>
            <line number="55" hits="7" branch="false"/>
            <line number="56" hits="7" branch="false"/>
            <line number="57" hits="7" branch="false"/>
            <line number="93" hits="6" branch="false"/>
            <line number="94" hits="6" branch="false"/>
            <line number="95" hits="6" branch="false"/>
            <line number="96" hits="6" branch="false"/>
            <line number="97" hits="6" branch="false"/>
            <line number="98" hits="5" branch="false"/>
            <line number="99" hits="5" branch="false"/>
            <line number="100" hits="5" branch="false"/>
            <line number="101" hits="5" branch="false"/>
            <line number="102" hits="5" branch="false"/>
            <line number="103" hits="5" branch="false"/>
            <line number="104" hits="5" branch="false"/>
            <line number="105" hits="5" branch="false"/>
            <line number="106" hits="5" branch="false"/>
            <line number="107" hits="5" branch="false"/>
            <line number="108" hits="5" branch="false"/>
            <line number="109" hits="5" branch="false"/>
            <line number="110" hits="5" branch="false"/>
            <line number="111" hits="5" branch="false"/>
            <line number="112" hits="5" branch="false"/>
            <line number="113" hits="5" branch="false"/>
            <line number="114" hits="5" branch="false"/>
            <line number="115" hits="5" branch="false"/>
            <line number="116" hits="5" branch="false"/>
            <line number="117" hits="5" branch="false"/>
            <line number="118" hits="5" branch="false"/>
            <line number="181" hits="9" branch="false"/>
            <line number="182" hits="9" branch="false"/>
            <line number="183" hits="9" branch="false"/>
            <line number="184" hits="9" branch="false"/>
            <line number="185" hits="8" branch="false"/>
            <line number="187" hits="6" branch="false"/>
            <line number="189" hits="6" branch="false"/>
            <line number="190" hits="0" branch="false"/>
            <line number="192" hits="6" branch="false"/>
            <line number="193" hits="0" branch="false"/>
            <line number="195" hits="6" branch="false"/>
            <line number="196" hits="0" branch="false"/>
            <line number="198" hits="6" branch="false"/>
            <line number="199" hits="6" branch="false"/>
            <line number="200" hits="6" branch="false"/>
            <line number="201" hits="6" branch="false"/>
            <line number="202" hits="6" branch="false"/>
            <line number="203" hits="6" branch="false"/>
            <line number="204" hits="6" branch="false"/>
            <line number="259" hits="2" branch="false"/>
            <line number="260" hits="2" branch="false"/>
            <line number="261" hits="2" branch="false"/>
            <line number="262" hits="2" branch="false"/>
            <line number="263" hits="2" branch="false"/>
            <line number="265" hits="2" branch="false"/>
            <line number="266" hits="2" branch="false"/>
            <line number="267" hits="2" branch="false"/>
            <line number="268" hits="2" branch="false"/>
            <line number="269" hits="2" branch="false"/>
            <line number="270" hits="2" branch="false"/>
            <line number="271" hits="2" branch="false"/>
            <line number="272" hits="2" branch="false"/>
            <line number="273" hits="2" branch="false"/>
            <line number="274" hits="2" branch="false"/>
            <line number="275" hits="2" branch="false"/>
            <line number="276" hits="2" branch="false"/>
            <line number="277" hits="2" branch="false"/>
            <line number="278" hits="2" branch="false"/>
            <line number="280" hits="2" branch="false"/>
            <line number="281" hits="2" branch="false"/>
            <line number="282" hits="2" branch="false"/>
            <line number="283" hits="2" branch="false"/>
            <line number="284" hits="2" branch="false"/>
            <line number="285" hits="2" branch="false"/>
            <line number="286" hits="2" branch="false"/>
            <line number="287" hits="2" branch="false"/>
            <line number="288" hits="2" branch="false"/>
            <line number="289" hits="2" branch="false"/>
            <line number="290" hits="2" branch="false"/>
            <line number="291" hits="2" branch="false"/>
            <line number="292" hits="2" branch="false"/>
            <line number="293" hits="2" branch="false"/>
            <line number="294" hits="2" branch="false"/>
            <line number="295" hits="2" branch="false"/>
          </lines>
        </class>
        <class name="dplyr_compatibility.R" filename="R/dplyr_compatibility.R" line-rate="0.666666666666667" branch-rate="0" complexity="0">
          <methods>
            <method name="data.frame" signature="" line-rate="1" branch-rate="0" complexity="0">
              <lines>
                <line number="10" hits="1" branch="false"/>
                <line number="36" hits="1" branch="false"/>
              </lines>
            </method>
            <method name="ts" signature="" line-rate="0" branch-rate="0" complexity="0">
              <lines>
                <line number="23" hits="0" branch="false"/>
              </lines>
            </method>
          </methods>
          <lines>
            <line number="10" hits="1" branch="false"/>
            <line number="23" hits="0" branch="false"/>
            <line number="36" hits="1" branch="false"/>
          </lines>
        </class>
        <class name="draw_barplot.R" filename="R/draw_barplot.R" line-rate="1" branch-rate="0" complexity="0">
          <methods>
            <method name="draw_barplot" signature="" line-rate="1" branch-rate="0" complexity="0">
              <lines>
                <line number="57" hits="1" branch="false"/>
                <line number="58" hits="1" branch="false"/>
                <line number="59" hits="1" branch="false"/>
                <line number="60" hits="1" branch="false"/>
                <line number="61" hits="1" branch="false"/>
                <line number="62" hits="1" branch="false"/>
                <line number="63" hits="1" branch="false"/>
                <line number="64" hits="1" branch="false"/>
                <line number="65" hits="1" branch="false"/>
                <line number="66" hits="1" branch="false"/>
                <line number="67" hits="1" branch="false"/>
                <line number="68" hits="1" branch="false"/>
                <line number="69" hits="1" branch="false"/>
                <line number="70" hits="1" branch="false"/>
                <line number="71" hits="1" branch="false"/>
                <line number="73" hits="1" branch="false"/>
                <line number="74" hits="1" branch="false"/>
                <line number="75" hits="1" branch="false"/>
                <line number="76" hits="1" branch="false"/>
                <line number="77" hits="1" branch="false"/>
                <line number="78" hits="1" branch="false"/>
                <line number="79" hits="1" branch="false"/>
                <line number="81" hits="1" branch="false"/>
                <line number="82" hits="1" branch="false"/>
                <line number="83" hits="1" branch="false"/>
                <line number="86" hits="1" branch="false"/>
                <line number="87" hits="1" branch="false"/>
                <line number="88" hits="1" branch="false"/>
                <line number="89" hits="1" branch="false"/>
                <line number="90" hits="1" branch="false"/>
                <line number="92" hits="1" branch="false"/>
                <line number="93" hits="1" branch="false"/>
                <line number="94" hits="1" branch="false"/>
                <line number="96" hits="1" branch="false"/>
              </lines>
            </method>
          </methods>
          <lines>
            <line number="57" hits="1" branch="false"/>
            <line number="58" hits="1" branch="false"/>
            <line number="59" hits="1" branch="false"/>
            <line number="60" hits="1" branch="false"/>
            <line number="61" hits="1" branch="false"/>
            <line number="62" hits="1" branch="false"/>
            <line number="63" hits="1" branch="false"/>
            <line number="64" hits="1" branch="false"/>
            <line number="65" hits="1" branch="false"/>
            <line number="66" hits="1" branch="false"/>
            <line number="67" hits="1" branch="false"/>
            <line number="68" hits="1" branch="false"/>
            <line number="69" hits="1" branch="false"/>
            <line number="70" hits="1" branch="false"/>
            <line number="71" hits="1" branch="false"/>
            <line number="73" hits="1" branch="false"/>
            <line number="74" hits="1" branch="false"/>
            <line number="75" hits="1" branch="false"/>
            <line number="76" hits="1" branch="false"/>
            <line number="77" hits="1" branch="false"/>
            <line number="78" hits="1" branch="false"/>
            <line number="79" hits="1" branch="false"/>
            <line number="81" hits="1" branch="false"/>
            <line number="82" hits="1" branch="false"/>
            <line number="83" hits="1" branch="false"/>
            <line number="86" hits="1" branch="false"/>
            <line number="87" hits="1" branch="false"/>
            <line number="88" hits="1" branch="false"/>
            <line number="89" hits="1" branch="false"/>
            <line number="90" hits="1" branch="false"/>
            <line number="92" hits="1" branch="false"/>
            <line number="93" hits="1" branch="false"/>
            <line number="94" hits="1" branch="false"/>
            <line number="96" hits="1" branch="false"/>
          </lines>
        </class>
        <class name="draw_boxplot.R" filename="R/draw_boxplot.R" line-rate="0.929577464788732" branch-rate="0" complexity="0">
          <methods>
            <method name="draw_boxplot" signature="" line-rate="0.871794871794872" branch-rate="0" complexity="0">
              <lines>
                <line number="70" hits="1" branch="false"/>
                <line number="71" hits="1" branch="false"/>
                <line number="72" hits="1" branch="false"/>
                <line number="73" hits="1" branch="false"/>
                <line number="74" hits="1" branch="false"/>
                <line number="75" hits="1" branch="false"/>
                <line number="76" hits="1" branch="false"/>
                <line number="77" hits="1" branch="false"/>
                <line number="78" hits="1" branch="false"/>
                <line number="79" hits="1" branch="false"/>
                <line number="80" hits="1" branch="false"/>
                <line number="81" hits="0" branch="false"/>
                <line number="82" hits="1" branch="false"/>
                <line number="83" hits="1" branch="false"/>
                <line number="84" hits="1" branch="false"/>
                <line number="85" hits="1" branch="false"/>
                <line number="86" hits="1" branch="false"/>
                <line number="87" hits="1" branch="false"/>
                <line number="88" hits="0" branch="false"/>
                <line number="89" hits="0" branch="false"/>
                <line number="90" hits="1" branch="false"/>
                <line number="91" hits="1" branch="false"/>
                <line number="92" hits="1" branch="false"/>
                <line number="93" hits="1" branch="false"/>
                <line number="94" hits="1" branch="false"/>
                <line number="95" hits="1" branch="false"/>
                <line number="96" hits="1" branch="false"/>
                <line number="97" hits="1" branch="false"/>
                <line number="98" hits="1" branch="false"/>
                <line number="99" hits="1" branch="false"/>
                <line number="100" hits="1" branch="false"/>
                <line number="101" hits="1" branch="false"/>
                <line number="102" hits="1" branch="false"/>
                <line number="103" hits="1" branch="false"/>
                <line number="105" hits="1" branch="false"/>
                <line number="106" hits="0" branch="false"/>
                <line number="108" hits="1" branch="false"/>
                <line number="109" hits="0" branch="false"/>
                <line number="111" hits="1" branch="false"/>
              </lines>
            </method>
            <method name="h_draw_boxplot_df" signature="" line-rate="1" branch-rate="0" complexity="0">
              <lines>
                <line number="123" hits="2" branch="false"/>
                <line number="124" hits="2" branch="false"/>
                <line number="125" hits="2" branch="false"/>
                <line number="126" hits="2" branch="false"/>
                <line number="127" hits="2" branch="false"/>
                <line number="128" hits="2" branch="false"/>
                <line number="130" hits="2" branch="false"/>
                <line number="131" hits="2" branch="false"/>
                <line number="132" hits="2" branch="false"/>
                <line number="134" hits="2" branch="false"/>
                <line number="135" hits="1" branch="false"/>
                <line number="136" hits="1" branch="false"/>
                <line number="137" hits="2" branch="false"/>
                <line number="138" hits="1" branch="false"/>
                <line number="139" hits="2" branch="false"/>
                <line number="140" hits="2" branch="false"/>
                <line number="141" hits="1" branch="false"/>
                <line number="142" hits="2" branch="false"/>
                <line number="143" hits="1" branch="false"/>
                <line number="144" hits="2" branch="false"/>
                <line number="145" hits="2" branch="false"/>
                <line number="146" hits="2" branch="false"/>
                <line number="147" hits="2" branch="false"/>
                <line number="148" hits="2" branch="false"/>
                <line number="149" hits="2" branch="false"/>
                <line number="150" hits="2" branch="false"/>
                <line number="151" hits="1" branch="false"/>
                <line number="152" hits="1" branch="false"/>
                <line number="154" hits="2" branch="false"/>
                <line number="155" hits="1" branch="false"/>
                <line number="156" hits="1" branch="false"/>
                <line number="158" hits="2" branch="false"/>
              </lines>
            </method>
          </methods>
          <lines>
            <line number="70" hits="1" branch="false"/>
            <line number="71" hits="1" branch="false"/>
            <line number="72" hits="1" branch="false"/>
            <line number="73" hits="1" branch="false"/>
            <line number="74" hits="1" branch="false"/>
            <line number="75" hits="1" branch="false"/>
            <line number="76" hits="1" branch="false"/>
            <line number="77" hits="1" branch="false"/>
            <line number="78" hits="1" branch="false"/>
            <line number="79" hits="1" branch="false"/>
            <line number="80" hits="1" branch="false"/>
            <line number="81" hits="0" branch="false"/>
            <line number="82" hits="1" branch="false"/>
            <line number="83" hits="1" branch="false"/>
            <line number="84" hits="1" branch="false"/>
            <line number="85" hits="1" branch="false"/>
            <line number="86" hits="1" branch="false"/>
            <line number="87" hits="1" branch="false"/>
            <line number="88" hits="0" branch="false"/>
            <line number="89" hits="0" branch="false"/>
            <line number="90" hits="1" branch="false"/>
            <line number="91" hits="1" branch="false"/>
            <line number="92" hits="1" branch="false"/>
            <line number="93" hits="1" branch="false"/>
            <line number="94" hits="1" branch="false"/>
            <line number="95" hits="1" branch="false"/>
            <line number="96" hits="1" branch="false"/>
            <line number="97" hits="1" branch="false"/>
            <line number="98" hits="1" branch="false"/>
            <line number="99" hits="1" branch="false"/>
            <line number="100" hits="1" branch="false"/>
            <line number="101" hits="1" branch="false"/>
            <line number="102" hits="1" branch="false"/>
            <line number="103" hits="1" branch="false"/>
            <line number="105" hits="1" branch="false"/>
            <line number="106" hits="0" branch="false"/>
            <line number="108" hits="1" branch="false"/>
            <line number="109" hits="0" branch="false"/>
            <line number="111" hits="1" branch="false"/>
            <line number="123" hits="2" branch="false"/>
            <line number="124" hits="2" branch="false"/>
            <line number="125" hits="2" branch="false"/>
            <line number="126" hits="2" branch="false"/>
            <line number="127" hits="2" branch="false"/>
            <line number="128" hits="2" branch="false"/>
            <line number="130" hits="2" branch="false"/>
            <line number="131" hits="2" branch="false"/>
            <line number="132" hits="2" branch="false"/>
            <line number="134" hits="2" branch="false"/>
            <line number="135" hits="1" branch="false"/>
            <line number="136" hits="1" branch="false"/>
            <line number="137" hits="2" branch="false"/>
            <line number="138" hits="1" branch="false"/>
            <line number="139" hits="2" branch="false"/>
            <line number="140" hits="2" branch="false"/>
            <line number="141" hits="1" branch="false"/>
            <line number="142" hits="2" branch="false"/>
            <line number="143" hits="1" branch="false"/>
            <line number="144" hits="2" branch="false"/>
            <line number="145" hits="2" branch="false"/>
            <line number="146" hits="2" branch="false"/>
            <line number="147" hits="2" branch="false"/>
            <line number="148" hits="2" branch="false"/>
            <line number="149" hits="2" branch="false"/>
            <line number="150" hits="2" branch="false"/>
            <line number="151" hits="1" branch="false"/>
            <line number="152" hits="1" branch="false"/>
            <line number="154" hits="2" branch="false"/>
            <line number="155" hits="1" branch="false"/>
            <line number="156" hits="1" branch="false"/>
            <line number="158" hits="2" branch="false"/>
          </lines>
        </class>
        <class name="draw_heatmap.R" filename="R/draw_heatmap.R" line-rate="0.971428571428571" branch-rate="0" complexity="0">
          <methods>
            <method name="draw_heatmap" signature="" line-rate="0.971428571428571" branch-rate="0" complexity="0">
              <lines>
                <line number="42" hits="1" branch="false"/>
                <line number="43" hits="1" branch="false"/>
                <line number="44" hits="1" branch="false"/>
                <line number="45" hits="1" branch="false"/>
                <line number="46" hits="1" branch="false"/>
                <line number="47" hits="1" branch="false"/>
                <line number="48" hits="1" branch="false"/>
                <line number="49" hits="1" branch="false"/>
                <line number="50" hits="1" branch="false"/>
                <line number="51" hits="1" branch="false"/>
                <line number="52" hits="1" branch="false"/>
                <line number="53" hits="1" branch="false"/>
                <line number="55" hits="1" branch="false"/>
                <line number="56" hits="1" branch="false"/>
                <line number="57" hits="1" branch="false"/>
                <line number="58" hits="1" branch="false"/>
                <line number="59" hits="1" branch="false"/>
                <line number="60" hits="1" branch="false"/>
                <line number="61" hits="1" branch="false"/>
                <line number="63" hits="1" branch="false"/>
                <line number="64" hits="1" branch="false"/>
                <line number="65" hits="1" branch="false"/>
                <line number="66" hits="1" branch="false"/>
                <line number="67" hits="1" branch="false"/>
                <line number="68" hits="1" branch="false"/>
                <line number="69" hits="1" branch="false"/>
                <line number="71" hits="0" branch="false"/>
                <line number="74" hits="1" branch="false"/>
                <line number="75" hits="1" branch="false"/>
                <line number="76" hits="1" branch="false"/>
                <line number="77" hits="1" branch="false"/>
                <line number="78" hits="1" branch="false"/>
                <line number="79" hits="1" branch="false"/>
                <line number="80" hits="1" branch="false"/>
                <line number="81" hits="1" branch="false"/>
              </lines>
            </method>
          </methods>
          <lines>
            <line number="42" hits="1" branch="false"/>
            <line number="43" hits="1" branch="false"/>
            <line number="44" hits="1" branch="false"/>
            <line number="45" hits="1" branch="false"/>
            <line number="46" hits="1" branch="false"/>
            <line number="47" hits="1" branch="false"/>
            <line number="48" hits="1" branch="false"/>
            <line number="49" hits="1" branch="false"/>
            <line number="50" hits="1" branch="false"/>
            <line number="51" hits="1" branch="false"/>
            <line number="52" hits="1" branch="false"/>
            <line number="53" hits="1" branch="false"/>
            <line number="55" hits="1" branch="false"/>
            <line number="56" hits="1" branch="false"/>
            <line number="57" hits="1" branch="false"/>
            <line number="58" hits="1" branch="false"/>
            <line number="59" hits="1" branch="false"/>
            <line number="60" hits="1" branch="false"/>
            <line number="61" hits="1" branch="false"/>
            <line number="63" hits="1" branch="false"/>
            <line number="64" hits="1" branch="false"/>
            <line number="65" hits="1" branch="false"/>
            <line number="66" hits="1" branch="false"/>
            <line number="67" hits="1" branch="false"/>
            <line number="68" hits="1" branch="false"/>
            <line number="69" hits="1" branch="false"/>
            <line number="71" hits="0" branch="false"/>
            <line number="74" hits="1" branch="false"/>
            <line number="75" hits="1" branch="false"/>
            <line number="76" hits="1" branch="false"/>
            <line number="77" hits="1" branch="false"/>
            <line number="78" hits="1" branch="false"/>
            <line number="79" hits="1" branch="false"/>
            <line number="80" hits="1" branch="false"/>
            <line number="81" hits="1" branch="false"/>
          </lines>
        </class>
        <class name="draw_scatterplot.R" filename="R/draw_scatterplot.R" line-rate="0.875" branch-rate="0" complexity="0">
          <methods>
            <method name="draw_scatterplot" signature="" line-rate="0.875" branch-rate="0" complexity="0">
              <lines>
                <line number="56" hits="1" branch="false"/>
                <line number="57" hits="1" branch="false"/>
                <line number="58" hits="1" branch="false"/>
                <line number="59" hits="1" branch="false"/>
                <line number="60" hits="1" branch="false"/>
                <line number="61" hits="1" branch="false"/>
                <line number="62" hits="1" branch="false"/>
                <line number="63" hits="1" branch="false"/>
                <line number="64" hits="1" branch="false"/>
                <line number="66" hits="1" branch="false"/>
                <line number="67" hits="1" branch="false"/>
                <line number="68" hits="1" branch="false"/>
                <line number="69" hits="1" branch="false"/>
                <line number="70" hits="1" branch="false"/>
                <line number="71" hits="1" branch="false"/>
                <line number="72" hits="1" branch="false"/>
                <line number="73" hits="0" branch="false"/>
                <line number="74" hits="0" branch="false"/>
                <line number="76" hits="1" branch="false"/>
                <line number="77" hits="1" branch="false"/>
                <line number="78" hits="1" branch="false"/>
                <line number="81" hits="1" branch="false"/>
                <line number="82" hits="1" branch="false"/>
                <line number="83" hits="1" branch="false"/>
                <line number="84" hits="1" branch="false"/>
                <line number="85" hits="1" branch="false"/>
                <line number="87" hits="0" branch="false"/>
                <line number="89" hits="1" branch="false"/>
                <line number="90" hits="1" branch="false"/>
                <line number="92" hits="1" branch="false"/>
                <line number="93" hits="0" branch="false"/>
                <line number="95" hits="1" branch="false"/>
              </lines>
            </method>
          </methods>
          <lines>
            <line number="56" hits="1" branch="false"/>
            <line number="57" hits="1" branch="false"/>
            <line number="58" hits="1" branch="false"/>
            <line number="59" hits="1" branch="false"/>
            <line number="60" hits="1" branch="false"/>
            <line number="61" hits="1" branch="false"/>
            <line number="62" hits="1" branch="false"/>
            <line number="63" hits="1" branch="false"/>
            <line number="64" hits="1" branch="false"/>
            <line number="66" hits="1" branch="false"/>
            <line number="67" hits="1" branch="false"/>
            <line number="68" hits="1" branch="false"/>
            <line number="69" hits="1" branch="false"/>
            <line number="70" hits="1" branch="false"/>
            <line number="71" hits="1" branch="false"/>
            <line number="72" hits="1" branch="false"/>
            <line number="73" hits="0" branch="false"/>
            <line number="74" hits="0" branch="false"/>
            <line number="76" hits="1" branch="false"/>
            <line number="77" hits="1" branch="false"/>
            <line number="78" hits="1" branch="false"/>
            <line number="81" hits="1" branch="false"/>
            <line number="82" hits="1" branch="false"/>
            <line number="83" hits="1" branch="false"/>
            <line number="84" hits="1" branch="false"/>
            <line number="85" hits="1" branch="false"/>
            <line number="87" hits="0" branch="false"/>
            <line number="89" hits="1" branch="false"/>
            <line number="90" hits="1" branch="false"/>
            <line number="92" hits="1" branch="false"/>
            <line number="93" hits="0" branch="false"/>
            <line number="95" hits="1" branch="false"/>
          </lines>
        </class>
        <class name="GeneSpec-class.R" filename="R/GeneSpec-class.R" line-rate="1" branch-rate="0" complexity="0">
          <methods>
            <method name="h_unique_labels" signature="" line-rate="1" branch-rate="0" complexity="0">
              <lines>
                <line number="18" hits="47" branch="false"/>
                <line number="19" hits="5" branch="false"/>
                <line number="21" hits="42" branch="false"/>
                <line number="22" hits="42" branch="false"/>
                <line number="23" hits="15" branch="false"/>
                <line number="25" hits="27" branch="false"/>
                <line number="26" hits="27" branch="false"/>
                <line number="28" hits="27" branch="false"/>
                <line number="29" hits="27" branch="false"/>
                <line number="30" hits="27" branch="false"/>
                <line number="31" hits="8" branch="false"/>
                <line number="32" hits="8" branch="false"/>
                <line number="33" hits="8" branch="false"/>
                <line number="34" hits="8" branch="false"/>
                <line number="36" hits="27" branch="false"/>
                <line number="37" hits="27" branch="false"/>
              </lines>
            </method>
            <method name="initialize" signature="" line-rate="1" branch-rate="0" complexity="0">
              <lines>
                <line number="90" hits="41" branch="false"/>
                <line number="91" hits="41" branch="false"/>
                <line number="92" hits="41" branch="false"/>
                <line number="94" hits="41" branch="false"/>
                <line number="95" hits="41" branch="false"/>
                <line number="96" hits="41" branch="false"/>
                <line number="97" hits="41" branch="false"/>
              </lines>
            </method>
            <method name="get_genes" signature="" line-rate="1" branch-rate="0" complexity="0">
              <lines>
                <line number="101" hits="29" branch="false"/>
              </lines>
            </method>
            <method name="get_gene_labels" signature="" line-rate="1" branch-rate="0" complexity="0">
              <lines>
                <line number="106" hits="26" branch="false"/>
                <line number="107" hits="26" branch="false"/>
                <line number="108" hits="25" branch="false"/>
              </lines>
            </method>
            <method name="returns_vector" signature="" line-rate="1" branch-rate="0" complexity="0">
              <lines>
                <line number="112" hits="41" branch="false"/>
              </lines>
            </method>
            <method name="get_label" signature="" line-rate="1" branch-rate="0" complexity="0">
              <lines>
                <line number="117" hits="14" branch="false"/>
                <line number="118" hits="14" branch="false"/>
                <line number="119" hits="6" branch="false"/>
                <line number="120" hits="6" branch="false"/>
                <line number="121" hits="4" branch="false"/>
                <line number="123" hits="2" branch="false"/>
                <line number="126" hits="8" branch="false"/>
              </lines>
            </method>
            <method name="extract" signature="" line-rate="1" branch-rate="0" complexity="0">
              <lines>
                <line number="135" hits="27" branch="false"/>
                <line number="136" hits="25" branch="false"/>
                <line number="137" hits="23" branch="false"/>
                <line number="138" hits="23" branch="false"/>
                <line number="139" hits="13" branch="false"/>
                <line number="140" hits="7" branch="false"/>
                <line number="141" hits="13" branch="false"/>
                <line number="142" hits="6" branch="false"/>
                <line number="143" hits="13" branch="false"/>
                <line number="144" hits="13" branch="false"/>
                <line number="145" hits="13" branch="false"/>
                <line number="146" hits="13" branch="false"/>
                <line number="147" hits="13" branch="false"/>
                <line number="148" hits="13" branch="false"/>
                <line number="150" hits="10" branch="false"/>
                <line number="151" hits="10" branch="false"/>
              </lines>
            </method>
            <method name="extract_data_frame" signature="" line-rate="1" branch-rate="0" complexity="0">
              <lines>
                <line number="160" hits="12" branch="false"/>
                <line number="161" hits="10" branch="false"/>
                <line number="162" hits="5" branch="false"/>
                <line number="164" hits="10" branch="false"/>
                <line number="165" hits="10" branch="false"/>
                <line number="166" hits="5" branch="false"/>
                <line number="167" hits="10" branch="false"/>
                <line number="168" hits="5" branch="false"/>
                <line number="169" hits="10" branch="false"/>
                <line number="170" hits="10" branch="false"/>
                <line number="171" hits="10" branch="false"/>
                <line number="172" hits="10" branch="false"/>
              </lines>
            </method>
            <method name="gene_spec" signature="" line-rate="1" branch-rate="0" complexity="0">
              <lines>
                <line number="206" hits="9" branch="false"/>
                <line number="207" hits="9" branch="false"/>
                <line number="208" hits="9" branch="false"/>
                <line number="209" hits="9" branch="false"/>
                <line number="210" hits="9" branch="false"/>
              </lines>
            </method>
          </methods>
          <lines>
            <line number="18" hits="47" branch="false"/>
            <line number="19" hits="5" branch="false"/>
            <line number="21" hits="42" branch="false"/>
            <line number="22" hits="42" branch="false"/>
            <line number="23" hits="15" branch="false"/>
            <line number="25" hits="27" branch="false"/>
            <line number="26" hits="27" branch="false"/>
            <line number="28" hits="27" branch="false"/>
            <line number="29" hits="27" branch="false"/>
            <line number="30" hits="27" branch="false"/>
            <line number="31" hits="8" branch="false"/>
            <line number="32" hits="8" branch="false"/>
            <line number="33" hits="8" branch="false"/>
            <line number="34" hits="8" branch="false"/>
            <line number="36" hits="27" branch="false"/>
            <line number="37" hits="27" branch="false"/>
            <line number="90" hits="41" branch="false"/>
            <line number="91" hits="41" branch="false"/>
            <line number="92" hits="41" branch="false"/>
            <line number="94" hits="41" branch="false"/>
            <line number="95" hits="41" branch="false"/>
            <line number="96" hits="41" branch="false"/>
            <line number="97" hits="41" branch="false"/>
            <line number="101" hits="29" branch="false"/>
            <line number="106" hits="26" branch="false"/>
            <line number="107" hits="26" branch="false"/>
            <line number="108" hits="25" branch="false"/>
            <line number="112" hits="41" branch="false"/>
            <line number="117" hits="14" branch="false"/>
            <line number="118" hits="14" branch="false"/>
            <line number="119" hits="6" branch="false"/>
            <line number="120" hits="6" branch="false"/>
            <line number="121" hits="4" branch="false"/>
            <line number="123" hits="2" branch="false"/>
            <line number="126" hits="8" branch="false"/>
            <line number="135" hits="27" branch="false"/>
            <line number="136" hits="25" branch="false"/>
            <line number="137" hits="23" branch="false"/>
            <line number="138" hits="23" branch="false"/>
            <line number="139" hits="13" branch="false"/>
            <line number="140" hits="7" branch="false"/>
            <line number="141" hits="13" branch="false"/>
            <line number="142" hits="6" branch="false"/>
            <line number="143" hits="13" branch="false"/>
            <line number="144" hits="13" branch="false"/>
            <line number="145" hits="13" branch="false"/>
            <line number="146" hits="13" branch="false"/>
            <line number="147" hits="13" branch="false"/>
            <line number="148" hits="13" branch="false"/>
            <line number="150" hits="10" branch="false"/>
            <line number="151" hits="10" branch="false"/>
            <line number="160" hits="12" branch="false"/>
            <line number="161" hits="10" branch="false"/>
            <line number="162" hits="5" branch="false"/>
            <line number="164" hits="10" branch="false"/>
            <line number="165" hits="10" branch="false"/>
            <line number="166" hits="5" branch="false"/>
            <line number="167" hits="10" branch="false"/>
            <line number="168" hits="5" branch="false"/>
            <line number="169" hits="10" branch="false"/>
            <line number="170" hits="10" branch="false"/>
            <line number="171" hits="10" branch="false"/>
            <line number="172" hits="10" branch="false"/>
            <line number="206" hits="9" branch="false"/>
            <line number="207" hits="9" branch="false"/>
            <line number="208" hits="9" branch="false"/>
            <line number="209" hits="9" branch="false"/>
            <line number="210" hits="9" branch="false"/>
          </lines>
        </class>
        <class name="graphs.R" filename="R/graphs.R" line-rate="0.97196261682243" branch-rate="0" complexity="0">
          <methods>
            <method name="draw_libsize_hist" signature="" line-rate="1" branch-rate="0" complexity="0">
              <lines>
                <line number="20" hits="3" branch="false"/>
                <line number="21" hits="3" branch="false"/>
                <line number="22" hits="3" branch="false"/>
                <line number="23" hits="3" branch="false"/>
                <line number="24" hits="3" branch="false"/>
                <line number="25" hits="3" branch="false"/>
                <line number="26" hits="3" branch="false"/>
                <line number="27" hits="3" branch="false"/>
                <line number="28" hits="3" branch="false"/>
                <line number="29" hits="3" branch="false"/>
                <line number="30" hits="3" branch="false"/>
                <line number="31" hits="3" branch="false"/>
                <line number="32" hits="3" branch="false"/>
                <line number="33" hits="3" branch="false"/>
                <line number="34" hits="3" branch="false"/>
                <line number="35" hits="3" branch="false"/>
                <line number="36" hits="3" branch="false"/>
              </lines>
            </method>
            <method name="draw_libsize_qq" signature="" line-rate="1" branch-rate="0" complexity="0">
              <lines>
                <line number="62" hits="3" branch="false"/>
                <line number="63" hits="3" branch="false"/>
                <line number="64" hits="3" branch="false"/>
                <line number="65" hits="3" branch="false"/>
                <line number="66" hits="3" branch="false"/>
                <line number="67" hits="3" branch="false"/>
                <line number="68" hits="3" branch="false"/>
                <line number="69" hits="3" branch="false"/>
                <line number="70" hits="3" branch="false"/>
                <line number="71" hits="3" branch="false"/>
                <line number="72" hits="3" branch="false"/>
                <line number="73" hits="3" branch="false"/>
                <line number="74" hits="3" branch="false"/>
                <line number="75" hits="3" branch="false"/>
                <line number="76" hits="3" branch="false"/>
[...]
                <line number="46" hits="21" branch="false"/>
                <line number="47" hits="21" branch="false"/>
                <line number="48" hits="21" branch="false"/>
                <line number="49" hits="21" branch="false"/>
                <line number="50" hits="21" branch="false"/>
                <line number="51" hits="21" branch="false"/>
                <line number="53" hits="16" branch="false"/>
                <line number="54" hits="16" branch="false"/>
                <line number="55" hits="16" branch="false"/>
                <line number="56" hits="16" branch="false"/>
                <line number="57" hits="16" branch="false"/>
                <line number="58" hits="16" branch="false"/>
                <line number="59" hits="16" branch="false"/>
                <line number="61" hits="14" branch="false"/>
                <line number="62" hits="14" branch="false"/>
                <line number="63" hits="14" branch="false"/>
                <line number="64" hits="14" branch="false"/>
                <line number="65" hits="14" branch="false"/>
                <line number="66" hits="14" branch="false"/>
                <line number="67" hits="14" branch="false"/>
                <line number="68" hits="14" branch="false"/>
                <line number="70" hits="14" branch="false"/>
                <line number="71" hits="4" branch="false"/>
                <line number="72" hits="4" branch="false"/>
                <line number="73" hits="4" branch="false"/>
                <line number="74" hits="4" branch="false"/>
                <line number="75" hits="4" branch="false"/>
                <line number="76" hits="1" branch="false"/>
                <line number="77" hits="14" branch="false"/>
                <line number="78" hits="10" branch="false"/>
                <line number="79" hits="9" branch="false"/>
                <line number="80" hits="14" branch="false"/>
                <line number="81" hits="10" branch="false"/>
                <line number="83" hits="10" branch="false"/>
                <line number="84" hits="10" branch="false"/>
                <line number="85" hits="10" branch="false"/>
                <line number="86" hits="10" branch="false"/>
                <line number="87" hits="10" branch="false"/>
              </lines>
            </method>
            <method name="HermesDataTopGenes" signature="" line-rate="1" branch-rate="0" complexity="0">
              <lines>
                <line number="125" hits="2" branch="false"/>
                <line number="126" hits="2" branch="false"/>
                <line number="127" hits="2" branch="false"/>
                <line number="128" hits="2" branch="false"/>
                <line number="129" hits="2" branch="false"/>
                <line number="131" hits="2" branch="false"/>
                <line number="133" hits="2" branch="false"/>
                <line number="134" hits="2" branch="false"/>
                <line number="135" hits="2" branch="false"/>
                <line number="136" hits="2" branch="false"/>
                <line number="137" hits="2" branch="false"/>
                <line number="138" hits="2" branch="false"/>
                <line number="139" hits="2" branch="false"/>
              </lines>
            </method>
          </methods>
          <lines>
            <line number="46" hits="21" branch="false"/>
            <line number="47" hits="21" branch="false"/>
            <line number="48" hits="21" branch="false"/>
            <line number="49" hits="21" branch="false"/>
            <line number="50" hits="21" branch="false"/>
            <line number="51" hits="21" branch="false"/>
            <line number="53" hits="16" branch="false"/>
            <line number="54" hits="16" branch="false"/>
            <line number="55" hits="16" branch="false"/>
            <line number="56" hits="16" branch="false"/>
            <line number="57" hits="16" branch="false"/>
            <line number="58" hits="16" branch="false"/>
            <line number="59" hits="16" branch="false"/>
            <line number="61" hits="14" branch="false"/>
            <line number="62" hits="14" branch="false"/>
            <line number="63" hits="14" branch="false"/>
            <line number="64" hits="14" branch="false"/>
            <line number="65" hits="14" branch="false"/>
            <line number="66" hits="14" branch="false"/>
            <line number="67" hits="14" branch="false"/>
            <line number="68" hits="14" branch="false"/>
            <line number="70" hits="14" branch="false"/>
            <line number="71" hits="4" branch="false"/>
            <line number="72" hits="4" branch="false"/>
            <line number="73" hits="4" branch="false"/>
            <line number="74" hits="4" branch="false"/>
            <line number="75" hits="4" branch="false"/>
            <line number="76" hits="1" branch="false"/>
            <line number="77" hits="14" branch="false"/>
            <line number="78" hits="10" branch="false"/>
            <line number="79" hits="9" branch="false"/>
            <line number="80" hits="14" branch="false"/>
            <line number="81" hits="10" branch="false"/>
            <line number="83" hits="10" branch="false"/>
            <line number="84" hits="10" branch="false"/>
            <line number="85" hits="10" branch="false"/>
            <line number="86" hits="10" branch="false"/>
            <line number="87" hits="10" branch="false"/>
            <line number="125" hits="2" branch="false"/>
            <line number="126" hits="2" branch="false"/>
            <line number="127" hits="2" branch="false"/>
            <line number="128" hits="2" branch="false"/>
            <line number="129" hits="2" branch="false"/>
            <line number="131" hits="2" branch="false"/>
            <line number="133" hits="2" branch="false"/>
            <line number="134" hits="2" branch="false"/>
            <line number="135" hits="2" branch="false"/>
            <line number="136" hits="2" branch="false"/>
            <line number="137" hits="2" branch="false"/>
            <line number="138" hits="2" branch="false"/>
            <line number="139" hits="2" branch="false"/>
          </lines>
        </class>
        <class name="utils.R" filename="R/utils.R" line-rate="1" branch-rate="0" complexity="0">
          <methods>
            <method name="h_df_factors_with_explicit_na" signature="" line-rate="1" branch-rate="0" complexity="0">
              <lines>
                <line number="51" hits="16" branch="false"/>
                <line number="52" hits="15" branch="false"/>
                <line number="55" hits="15" branch="false"/>
                <line number="56" hits="15" branch="false"/>
                <line number="57" hits="15" branch="false"/>
                <line number="58" hits="15" branch="false"/>
                <line number="59" hits="15" branch="false"/>
                <line number="60" hits="15" branch="false"/>
                <line number="63" hits="15" branch="false"/>
                <line number="64" hits="15" branch="false"/>
                <line number="65" hits="15" branch="false"/>
                <line number="66" hits="15" branch="false"/>
                <line number="67" hits="15" branch="false"/>
                <line number="68" hits="15" branch="false"/>
                <line number="71" hits="15" branch="false"/>
                <line number="72" hits="15" branch="false"/>
                <line number="73" hits="15" branch="false"/>
                <line number="74" hits="15" branch="false"/>
                <line number="75" hits="15" branch="false"/>
                <line number="76" hits="15" branch="false"/>
                <line number="78" hits="15" branch="false"/>
              </lines>
            </method>
            <method name="df_cols_to_factor" signature="" line-rate="1" branch-rate="0" complexity="0">
              <lines>
                <line number="111" hits="8" branch="false"/>
                <line number="112" hits="8" branch="false"/>
                <line number="113" hits="8" branch="false"/>
                <line number="114" hits="8" branch="false"/>
                <line number="115" hits="8" branch="false"/>
                <line number="116" hits="8" branch="false"/>
                <line number="117" hits="8" branch="false"/>
                <line number="118" hits="8" branch="false"/>
                <line number="119" hits="8" branch="false"/>
                <line number="120" hits="8" branch="false"/>
                <line number="121" hits="8" branch="false"/>
                <line number="122" hits="8" branch="false"/>
                <line number="123" hits="8" branch="false"/>
                <line number="124" hits="8" branch="false"/>
                <line number="125" hits="8" branch="false"/>
                <line number="126" hits="8" branch="false"/>
                <line number="128" hits="8" branch="false"/>
              </lines>
            </method>
            <method name="all_na" signature="" line-rate="1" branch-rate="0" complexity="0">
              <lines>
                <line number="138" hits="308" branch="false"/>
              </lines>
            </method>
            <method name="h_short_list" signature="" line-rate="1" branch-rate="0" complexity="0">
              <lines>
                <line number="162" hits="15" branch="false"/>
                <line number="163" hits="15" branch="false"/>
                <line number="164" hits="14" branch="false"/>
                <line number="166" hits="13" branch="false"/>
                <line number="167" hits="13" branch="false"/>
                <line number="168" hits="3" branch="false"/>
                <line number="170" hits="13" branch="false"/>
              </lines>
            </method>
            <method name="h_parens" signature="" line-rate="1" branch-rate="0" complexity="0">
              <lines>
                <line number="192" hits="21" branch="false"/>
                <line number="193" hits="18" branch="false"/>
              </lines>
            </method>
            <method name="colPrinComp1" signature="" line-rate="1" branch-rate="0" complexity="0">
              <lines>
                <line number="223" hits="2" branch="false"/>
                <line number="224" hits="1" branch="false"/>
                <line number="225" hits="1" branch="false"/>
                <line number="227" hits="1" branch="false"/>
                <line number="228" hits="1" branch="false"/>
                <line number="230" hits="1" branch="false"/>
                <line number="231" hits="1" branch="false"/>
              </lines>
            </method>
            <method name="colMeanZscores" signature="" line-rate="1" branch-rate="0" complexity="0">
              <lines>
                <line number="255" hits="1" branch="false"/>
                <line number="257" hits="1" branch="false"/>
                <line number="258" hits="1" branch="false"/>
                <line number="259" hits="1" branch="false"/>
                <line number="260" hits="1" branch="false"/>
                <line number="261" hits="1" branch="false"/>
                <line number="262" hits="1" branch="false"/>
                <line number="263" hits="1" branch="false"/>
                <line number="264" hits="1" branch="false"/>
                <line number="265" hits="1" branch="false"/>
                <line number="266" hits="1" branch="false"/>
                <line number="267" hits="1" branch="false"/>
              </lines>
            </method>
            <method name="wrap_in_mae" signature="" line-rate="1" branch-rate="0" complexity="0">
              <lines>
                <line number="290" hits="3" branch="false"/>
                <line number="291" hits="3" branch="false"/>
                <line number="292" hits="3" branch="false"/>
                <line number="293" hits="3" branch="false"/>
              </lines>
            </method>
            <method name="h_all_duplicated" signature="" line-rate="1" branch-rate="0" complexity="0">
              <lines>
                <line number="310" hits="29" branch="false"/>
                <line number="311" hits="29" branch="false"/>
                <line number="312" hits="29" branch="false"/>
              </lines>
            </method>
            <method name="cut_quantile" signature="" line-rate="1" branch-rate="0" complexity="0">
              <lines>
                <line number="341" hits="9" branch="false"/>
                <line number="342" hits="9" branch="false"/>
                <line number="343" hits="9" branch="false"/>
                <line number="345" hits="9" branch="false"/>
                <line number="346" hits="9" branch="false"/>
                <line number="347" hits="9" branch="false"/>
                <line number="348" hits="9" branch="false"/>
                <line number="350" hits="9" branch="false"/>
                <line number="351" hits="1" branch="false"/>
                <line number="354" hits="8" branch="false"/>
                <line number="355" hits="8" branch="false"/>
                <line number="356" hits="8" branch="false"/>
                <line number="357" hits="8" branch="false"/>
                <line number="358" hits="8" branch="false"/>
                <line number="359" hits="8" branch="false"/>
                <line number="360" hits="8" branch="false"/>
                <line number="361" hits="1" branch="false"/>
                <line number="364" hits="7" branch="false"/>
                <line number="365" hits="7" branch="false"/>
                <line number="366" hits="7" branch="false"/>
                <line number="367" hits="7" branch="false"/>
                <line number="370" hits="7" branch="false"/>
              </lines>
            </method>
            <method name="cat_with_newline" signature="" line-rate="1" branch-rate="0" complexity="0">
              <lines>
                <line number="391" hits="10" branch="false"/>
                <line number="392" hits="10" branch="false"/>
              </lines>
            </method>
          </methods>
          <lines>
            <line number="51" hits="16" branch="false"/>
            <line number="52" hits="15" branch="false"/>
            <line number="55" hits="15" branch="false"/>
            <line number="56" hits="15" branch="false"/>
            <line number="57" hits="15" branch="false"/>
            <line number="58" hits="15" branch="false"/>
            <line number="59" hits="15" branch="false"/>
            <line number="60" hits="15" branch="false"/>
            <line number="63" hits="15" branch="false"/>
            <line number="64" hits="15" branch="false"/>
            <line number="65" hits="15" branch="false"/>
            <line number="66" hits="15" branch="false"/>
            <line number="67" hits="15" branch="false"/>
            <line number="68" hits="15" branch="false"/>
            <line number="71" hits="15" branch="false"/>
            <line number="72" hits="15" branch="false"/>
            <line number="73" hits="15" branch="false"/>
            <line number="74" hits="15" branch="false"/>
            <line number="75" hits="15" branch="false"/>
            <line number="76" hits="15" branch="false"/>
            <line number="78" hits="15" branch="false"/>
            <line number="111" hits="8" branch="false"/>
            <line number="112" hits="8" branch="false"/>
            <line number="113" hits="8" branch="false"/>
            <line number="114" hits="8" branch="false"/>
            <line number="115" hits="8" branch="false"/>
            <line number="116" hits="8" branch="false"/>
            <line number="117" hits="8" branch="false"/>
            <line number="118" hits="8" branch="false"/>
            <line number="119" hits="8" branch="false"/>
            <line number="120" hits="8" branch="false"/>
            <line number="121" hits="8" branch="false"/>
            <line number="122" hits="8" branch="false"/>
            <line number="123" hits="8" branch="false"/>
            <line number="124" hits="8" branch="false"/>
            <line number="125" hits="8" branch="false"/>
            <line number="126" hits="8" branch="false"/>
            <line number="128" hits="8" branch="false"/>
            <line number="138" hits="308" branch="false"/>
            <line number="162" hits="15" branch="false"/>
            <line number="163" hits="15" branch="false"/>
            <line number="164" hits="14" branch="false"/>
            <line number="166" hits="13" branch="false"/>
            <line number="167" hits="13" branch="false"/>
            <line number="168" hits="3" branch="false"/>
            <line number="170" hits="13" branch="false"/>
            <line number="192" hits="21" branch="false"/>
            <line number="193" hits="18" branch="false"/>
            <line number="223" hits="2" branch="false"/>
            <line number="224" hits="1" branch="false"/>
            <line number="225" hits="1" branch="false"/>
            <line number="227" hits="1" branch="false"/>
            <line number="228" hits="1" branch="false"/>
            <line number="230" hits="1" branch="false"/>
            <line number="231" hits="1" branch="false"/>
            <line number="255" hits="1" branch="false"/>
            <line number="257" hits="1" branch="false"/>
            <line number="258" hits="1" branch="false"/>
            <line number="259" hits="1" branch="false"/>
            <line number="260" hits="1" branch="false"/>
            <line number="261" hits="1" branch="false"/>
            <line number="262" hits="1" branch="false"/>
            <line number="263" hits="1" branch="false"/>
            <line number="264" hits="1" branch="false"/>
            <line number="265" hits="1" branch="false"/>
            <line number="266" hits="1" branch="false"/>
            <line number="267" hits="1" branch="false"/>
            <line number="290" hits="3" branch="false"/>
            <line number="291" hits="3" branch="false"/>
            <line number="292" hits="3" branch="false"/>
            <line number="293" hits="3" branch="false"/>
            <line number="310" hits="29" branch="false"/>
            <line number="311" hits="29" branch="false"/>
            <line number="312" hits="29" branch="false"/>
            <line number="341" hits="9" branch="false"/>
            <line number="342" hits="9" branch="false"/>
            <line number="343" hits="9" branch="false"/>
            <line number="345" hits="9" branch="false"/>
            <line number="346" hits="9" branch="false"/>
            <line number="347" hits="9" branch="false"/>
            <line number="348" hits="9" branch="false"/>
            <line number="350" hits="9" branch="false"/>
            <line number="351" hits="1" branch="false"/>
            <line number="354" hits="8" branch="false"/>
            <line number="355" hits="8" branch="false"/>
            <line number="356" hits="8" branch="false"/>
            <line number="357" hits="8" branch="false"/>
            <line number="358" hits="8" branch="false"/>
            <line number="359" hits="8" branch="false"/>
            <line number="360" hits="8" branch="false"/>
            <line number="361" hits="1" branch="false"/>
            <line number="364" hits="7" branch="false"/>
            <line number="365" hits="7" branch="false"/>
            <line number="366" hits="7" branch="false"/>
            <line number="367" hits="7" branch="false"/>
            <line number="370" hits="7" branch="false"/>
            <line number="391" hits="10" branch="false"/>
            <line number="392" hits="10" branch="false"/>
          </lines>
        </class>
      </classes>
    </package>
  </packages>
</coverage>
